# JRE version: Java(TM) SE Runtime Environment (10.0.2+13) (build 10.0.2+13)
# Java VM: Java HotSpot(TM) 64-Bit Server VM (10.0.2+13, mixed mode, tiered, compressed oops, g1 gc, windows-amd64)
Heap:
 garbage-first heap   total 187392K, used 127179K [0x0000000082600000, 0x0000000100000000)
  region size 1024K, 80 young (81920K), 9 survivors (9216K)
 Metaspace       used 85467K, capacity 87569K, committed 88012K, reserved 1126400K
  class space    used 10325K, capacity 11191K, committed 11212K, reserved 1048576K
GC Heap History (10 events):
Event: 7.102 GC heap before
{Heap before GC invocations=11 (full 0):
 garbage-first heap   total 155648K, used 114834K [0x0000000082600000, 0x0000000100000000)
  region size 1024K, 91 young (93184K), 9 survivors (9216K)
 Metaspace       used 69441K, capacity 71079K, committed 71628K, reserved 1112064K
  class space    used 8086K, capacity 8803K, committed 8908K, reserved 1048576K
}
Event: 7.111 GC heap after
{Heap after GC invocations=12 (full 0):
 garbage-first heap   total 155648K, used 36707K [0x0000000082600000, 0x0000000100000000)
  region size 1024K, 10 young (10240K), 10 survivors (10240K)
 Metaspace       used 69441K, capacity 71079K, committed 71628K, reserved 1112064K
  class space    used 8086K, capacity 8803K, committed 8908K, reserved 1048576K
}
Event: 7.806 GC heap before
{Heap before GC invocations=12 (full 0):
 garbage-first heap   total 155648K, used 119651K [0x0000000082600000, 0x0000000100000000)
  region size 1024K, 91 young (93184K), 10 survivors (10240K)
 Metaspace       used 72755K, capacity 74556K, committed 75084K, reserved 1116160K
  class space    used 8470K, capacity 9207K, committed 9292K, reserved 1048576K
}
Event: 7.817 GC heap after
{Heap after GC invocations=13 (full 0):
 garbage-first heap   total 187392K, used 41274K [0x0000000082600000, 0x0000000100000000)
  region size 1024K, 11 young (11264K), 11 survivors (11264K)
 Metaspace       used 72755K, capacity 74556K, committed 75084K, reserved 1116160K
  class space    used 8470K, capacity 9207K, committed 9292K, reserved 1048576K
}
Event: 8.446 GC heap before
{Heap before GC invocations=13 (full 0):
 garbage-first heap   total 187392K, used 141626K [0x0000000082600000, 0x0000000100000000)
  region size 1024K, 109 young (111616K), 11 survivors (11264K)
 Metaspace       used 75334K, capacity 77310K, committed 77772K, reserved 1118208K
  class space    used 8849K, capacity 9651K, committed 9676K, reserved 1048576K
}
Event: 8.461 GC heap after
{Heap after GC invocations=14 (full 0):
 garbage-first heap   total 187392K, used 47052K [0x0000000082600000, 0x0000000100000000)
  region size 1024K, 11 young (11264K), 11 survivors (11264K)
 Metaspace       used 75334K, capacity 77310K, committed 77772K, reserved 1118208K
  class space    used 8849K, capacity 9651K, committed 9676K, reserved 1048576K
}
Event: 9.291 GC heap before
{Heap before GC invocations=14 (full 0):
 garbage-first heap   total 187392K, used 146380K [0x0000000082600000, 0x0000000100000000)
  region size 1024K, 108 young (110592K), 11 survivors (11264K)
 Metaspace       used 80162K, capacity 82184K, committed 82636K, reserved 1122304K
  class space    used 9492K, capacity 10340K, committed 10444K, reserved 1048576K
}
Event: 9.303 GC heap after
{Heap after GC invocations=15 (full 0):
 garbage-first heap   total 187392K, used 52295K [0x0000000082600000, 0x0000000100000000)
  region size 1024K, 11 young (11264K), 11 survivors (11264K)
 Metaspace       used 80162K, capacity 82184K, committed 82636K, reserved 1122304K
  class space    used 9492K, capacity 10340K, committed 10444K, reserved 1048576K
}
Event: 9.780 GC heap before
{Heap before GC invocations=15 (full 0):
 garbage-first heap   total 187392K, used 149575K [0x0000000082600000, 0x0000000100000000)
  region size 1024K, 106 young (108544K), 11 survivors (11264K)
 Metaspace       used 80482K, capacity 82460K, committed 83148K, reserved 1122304K
  class space    used 9503K, capacity 10343K, committed 10444K, reserved 1048576K
}
Event: 9.789 GC heap after
{Heap after GC invocations=16 (full 0):
 garbage-first heap   total 187392K, used 55499K [0x0000000082600000, 0x0000000100000000)
  region size 1024K, 9 young (9216K), 9 survivors (9216K)
 Metaspace       used 80482K, capacity 82460K, committed 83148K, reserved 1122304K
  class space    used 9503K, capacity 10343K, committed 10444K, reserved 1048576K
}

