# JRE version: Java(TM) SE Runtime Environment (10.0.2+13) (build 10.0.2+13)
# Java VM: Java HotSpot(TM) 64-Bit Server VM (10.0.2+13, mixed mode, tiered, compressed oops, g1 gc, windows-amd64)
Heap:
 garbage-first heap   total 187392K, used 131893K [0x0000000082600000, 0x0000000100000000)
  region size 1024K, 100 young (102400K), 12 survivors (12288K)
 Metaspace       used 70743K, capacity 72786K, committed 73168K, reserved 1114112K
  class space    used 8515K, capacity 9363K, committed 9472K, reserved 1048576K
GC Heap History (10 events):
Event: 3.625 GC heap before
{Heap before GC invocations=8 (full 0):
 garbage-first heap   total 155648K, used 105586K [0x0000000082600000, 0x0000000100000000)
  region size 1024K, 91 young (93184K), 7 survivors (7168K)
 Metaspace       used 41837K, capacity 43030K, committed 43472K, reserved 1087488K
  class space    used 5062K, capacity 5595K, committed 5632K, reserved 1048576K
}
Event: 3.633 GC heap after
{Heap after GC invocations=9 (full 0):
 garbage-first heap   total 155648K, used 22557K [0x0000000082600000, 0x0000000100000000)
  region size 1024K, 8 young (8192K), 8 survivors (8192K)
 Metaspace       used 41837K, capacity 43030K, committed 43472K, reserved 1087488K
  class space    used 5062K, capacity 5595K, committed 5632K, reserved 1048576K
}
Event: 4.027 GC heap before
{Heap before GC invocations=9 (full 0):
 garbage-first heap   total 155648K, used 107549K [0x0000000082600000, 0x0000000100000000)
  region size 1024K, 91 young (93184K), 8 survivors (8192K)
 Metaspace       used 46296K, capacity 47666K, committed 47952K, reserved 1091584K
  class space    used 5655K, capacity 6246K, committed 6272K, reserved 1048576K
}
Event: 4.034 GC heap after
{Heap after GC invocations=10 (full 0):
 garbage-first heap   total 155648K, used 24952K [0x0000000082600000, 0x0000000100000000)
  region size 1024K, 9 young (9216K), 9 survivors (9216K)
 Metaspace       used 46296K, capacity 47666K, committed 47952K, reserved 1091584K
  class space    used 5655K, capacity 6246K, committed 6272K, reserved 1048576K
}
Event: 4.875 GC heap before
{Heap before GC invocations=10 (full 0):
 garbage-first heap   total 155648K, used 85368K [0x0000000082600000, 0x0000000100000000)
  region size 1024K, 69 young (70656K), 9 survivors (9216K)
 Metaspace       used 58388K, capacity 59982K, committed 60240K, reserved 1101824K
  class space    used 6850K, capacity 7540K, committed 7552K, reserved 1048576K
}
Event: 4.884 GC heap after
{Heap after GC invocations=11 (full 0):
 garbage-first heap   total 155648K, used 31028K [0x0000000082600000, 0x0000000100000000)
  region size 1024K, 12 young (12288K), 12 survivors (12288K)
 Metaspace       used 58388K, capacity 59982K, committed 60240K, reserved 1101824K
  class space    used 6850K, capacity 7540K, committed 7552K, reserved 1048576K
}
Event: 5.389 GC heap before
{Heap before GC invocations=12 (full 0):
 garbage-first heap   total 155648K, used 111924K [0x0000000082600000, 0x0000000100000000)
  region size 1024K, 91 young (93184K), 12 survivors (12288K)
 Metaspace       used 64664K, capacity 66512K, committed 66896K, reserved 1107968K
  class space    used 7678K, capacity 8449K, committed 8576K, reserved 1048576K
}
Event: 5.400 GC heap after
{Heap after GC invocations=13 (full 0):
 garbage-first heap   total 187392K, used 36992K [0x0000000082600000, 0x0000000100000000)
  region size 1024K, 12 young (12288K), 12 survivors (12288K)
 Metaspace       used 64664K, capacity 66512K, committed 66896K, reserved 1107968K
  class space    used 7678K, capacity 8449K, committed 8576K, reserved 1048576K
}
Event: 6.426 GC heap before
{Heap before GC invocations=13 (full 0):
 garbage-first heap   total 187392K, used 135296K [0x0000000082600000, 0x0000000100000000)
  region size 1024K, 108 young (110592K), 12 survivors (12288K)
 Metaspace       used 69474K, capacity 71571K, committed 71888K, reserved 1112064K
  class space    used 8359K, capacity 9215K, committed 9216K, reserved 1048576K
}
Event: 6.438 GC heap after
{Heap after GC invocations=14 (full 0):
 garbage-first heap   total 187392K, used 42805K [0x0000000082600000, 0x0000000100000000)
  region size 1024K, 12 young (12288K), 12 survivors (12288K)
 Metaspace       used 69474K, capacity 71571K, committed 71888K, reserved 1112064K
  class space    used 8359K, capacity 9215K, committed 9216K, reserved 1048576K
}

