# JRE version: Java(TM) SE Runtime Environment (10.0.2+13) (build 10.0.2+13)
# Java VM: Java HotSpot(TM) 64-Bit Server VM (10.0.2+13, mixed mode, tiered, compressed oops, g1 gc, windows-amd64)
Heap:
 garbage-first heap   total 462848K, used 415680K [0x0000000082600000, 0x0000000100000000)
  region size 1024K, 5 young (5120K), 3 survivors (3072K)
 Metaspace       used 82129K, capacity 84717K, committed 85200K, reserved 1124352K
  class space    used 9646K, capacity 10573K, committed 10704K, reserved 1048576K
GC Heap History (10 events):
Event: 86.605 GC heap before
{Heap before GC invocations=144 (full 0):
 garbage-first heap   total 462848K, used 433170K [0x0000000082600000, 0x0000000100000000)
  region size 1024K, 22 young (22528K), 3 survivors (3072K)
 Metaspace       used 82129K, capacity 84717K, committed 85200K, reserved 1124352K
  class space    used 9646K, capacity 10573K, committed 10704K, reserved 1048576K
}
Event: 86.611 GC heap after
{Heap after GC invocations=145 (full 0):
 garbage-first heap   total 462848K, used 415401K [0x0000000082600000, 0x0000000100000000)
  region size 1024K, 2 young (2048K), 2 survivors (2048K)
 Metaspace       used 82129K, capacity 84717K, committed 85200K, reserved 1124352K
  class space    used 9646K, capacity 10573K, committed 10704K, reserved 1048576K
}
Event: 86.851 GC heap before
{Heap before GC invocations=145 (full 0):
 garbage-first heap   total 462848K, used 435881K [0x0000000082600000, 0x0000000100000000)
  region size 1024K, 22 young (22528K), 2 survivors (2048K)
 Metaspace       used 82129K, capacity 84717K, committed 85200K, reserved 1124352K
  class space    used 9646K, capacity 10573K, committed 10704K, reserved 1048576K
}
Event: 86.855 GC heap after
{Heap after GC invocations=146 (full 0):
 garbage-first heap   total 462848K, used 416988K [0x0000000082600000, 0x0000000100000000)
  region size 1024K, 2 young (2048K), 2 survivors (2048K)
 Metaspace       used 82129K, capacity 84717K, committed 85200K, reserved 1124352K
  class space    used 9646K, capacity 10573K, committed 10704K, reserved 1048576K
}
Event: 87.026 GC heap before
{Heap before GC invocations=146 (full 0):
 garbage-first heap   total 462848K, used 437468K [0x0000000082600000, 0x0000000100000000)
  region size 1024K, 22 young (22528K), 2 survivors (2048K)
 Metaspace       used 82129K, capacity 84717K, committed 85200K, reserved 1124352K
  class space    used 9646K, capacity 10573K, committed 10704K, reserved 1048576K
}
Event: 87.029 GC heap after
{Heap after GC invocations=147 (full 0):
 garbage-first heap   total 462848K, used 418899K [0x0000000082600000, 0x0000000100000000)
  region size 1024K, 3 young (3072K), 3 survivors (3072K)
 Metaspace       used 82129K, capacity 84717K, committed 85200K, reserved 1124352K
  class space    used 9646K, capacity 10573K, committed 10704K, reserved 1048576K
}
Event: 87.092 GC heap before
{Heap before GC invocations=147 (full 0):
 garbage-first heap   total 462848K, used 438355K [0x0000000082600000, 0x0000000100000000)
  region size 1024K, 22 young (22528K), 3 survivors (3072K)
 Metaspace       used 82129K, capacity 84717K, committed 85200K, reserved 1124352K
  class space    used 9646K, capacity 10573K, committed 10704K, reserved 1048576K
}
Event: 87.097 GC heap after
{Heap after GC invocations=148 (full 0):
 garbage-first heap   total 462848K, used 420562K [0x0000000082600000, 0x0000000100000000)
  region size 1024K, 3 young (3072K), 3 survivors (3072K)
 Metaspace       used 82129K, capacity 84717K, committed 85200K, reserved 1124352K
  class space    used 9646K, capacity 10573K, committed 10704K, reserved 1048576K
}
Event: 87.285 GC heap before
{Heap before GC invocations=149 (full 0):
 garbage-first heap   total 462848K, used 431826K [0x0000000082600000, 0x0000000100000000)
  region size 1024K, 22 young (22528K), 3 survivors (3072K)
 Metaspace       used 82129K, capacity 84717K, committed 85200K, reserved 1124352K
  class space    used 9646K, capacity 10573K, committed 10704K, reserved 1048576K
}
Event: 87.289 GC heap after
{Heap after GC invocations=150 (full 0):
 garbage-first heap   total 462848K, used 414656K [0x0000000082600000, 0x0000000100000000)
  region size 1024K, 3 young (3072K), 3 survivors (3072K)
 Metaspace       used 82129K, capacity 84717K, committed 85200K, reserved 1124352K
  class space    used 9646K, capacity 10573K, committed 10704K, reserved 1048576K
}

