# JRE version: Java(TM) SE Runtime Environment (10.0.2+13) (build 10.0.2+13)
# Java VM: Java HotSpot(TM) 64-Bit Server VM (10.0.2+13, mixed mode, tiered, compressed oops, g1 gc, windows-amd64)
Heap:
 garbage-first heap   total 225280K, used 78837K [0x0000000082600000, 0x0000000100000000)
  region size 1024K, 32 young (32768K), 7 survivors (7168K)
 Metaspace       used 85449K, capacity 87502K, committed 88012K, reserved 1126400K
  class space    used 10321K, capacity 11191K, committed 11212K, reserved 1048576K
GC Heap History (10 events):
Event: 7.252 GC heap before
{Heap before GC invocations=14 (full 0):
 garbage-first heap   total 187392K, used 137391K [0x0000000082600000, 0x0000000100000000)
  region size 1024K, 109 young (111616K), 5 survivors (5120K)
 Metaspace       used 70501K, capacity 72116K, committed 72780K, reserved 1114112K
  class space    used 8208K, capacity 8933K, committed 9036K, reserved 1048576K
}
Event: 7.262 GC heap after
{Heap after GC invocations=15 (full 0):
 garbage-first heap   total 187392K, used 37111K [0x0000000082600000, 0x0000000100000000)
  region size 1024K, 11 young (11264K), 11 survivors (11264K)
 Metaspace       used 70501K, capacity 72116K, committed 72780K, reserved 1114112K
  class space    used 8208K, capacity 8933K, committed 9036K, reserved 1048576K
}
Event: 8.062 GC heap before
{Heap before GC invocations=16 (full 0):
 garbage-first heap   total 187392K, used 137463K [0x0000000082600000, 0x0000000100000000)
  region size 1024K, 109 young (111616K), 11 survivors (11264K)
 Metaspace       used 73800K, capacity 75613K, committed 76236K, reserved 1116160K
  class space    used 8640K, capacity 9408K, committed 9420K, reserved 1048576K
}
Event: 8.074 GC heap after
{Heap after GC invocations=17 (full 0):
 garbage-first heap   total 187392K, used 42493K [0x0000000082600000, 0x0000000100000000)
  region size 1024K, 13 young (13312K), 13 survivors (13312K)
 Metaspace       used 73800K, capacity 75613K, committed 76236K, reserved 1116160K
  class space    used 8640K, capacity 9408K, committed 9420K, reserved 1048576K
}
Event: 9.040 GC heap before
{Heap before GC invocations=17 (full 0):
 garbage-first heap   total 187392K, used 140797K [0x0000000082600000, 0x0000000100000000)
  region size 1024K, 109 young (111616K), 13 survivors (13312K)
 Metaspace       used 76143K, capacity 78078K, committed 78668K, reserved 1118208K
  class space    used 8944K, capacity 9757K, committed 9804K, reserved 1048576K
}
Event: 9.065 GC heap after
{Heap after GC invocations=18 (full 0):
 garbage-first heap   total 187392K, used 49152K [0x0000000082600000, 0x0000000100000000)
  region size 1024K, 12 young (12288K), 12 survivors (12288K)
 Metaspace       used 76143K, capacity 78078K, committed 78668K, reserved 1118208K
  class space    used 8944K, capacity 9757K, committed 9804K, reserved 1048576K
}
Event: 10.046 GC heap before
{Heap before GC invocations=18 (full 0):
 garbage-first heap   total 187392K, used 148480K [0x0000000082600000, 0x0000000100000000)
  region size 1024K, 109 young (111616K), 12 survivors (12288K)
 Metaspace       used 80248K, capacity 82224K, committed 82764K, reserved 1122304K
  class space    used 9489K, capacity 10310K, committed 10316K, reserved 1048576K
}
Event: 10.056 GC heap after
{Heap after GC invocations=19 (full 0):
 garbage-first heap   total 225280K, used 52911K [0x0000000082600000, 0x0000000100000000)
  region size 1024K, 11 young (11264K), 11 survivors (11264K)
 Metaspace       used 80248K, capacity 82224K, committed 82764K, reserved 1122304K
  class space    used 9489K, capacity 10310K, committed 10316K, reserved 1048576K
}
Event: 11.073 GC heap before
{Heap before GC invocations=19 (full 0):
 garbage-first heap   total 225280K, used 176815K [0x0000000082600000, 0x0000000100000000)
  region size 1024K, 132 young (135168K), 11 survivors (11264K)
 Metaspace       used 83613K, capacity 85664K, committed 86220K, reserved 1124352K
  class space    used 9998K, capacity 10857K, committed 10956K, reserved 1048576K
}
Event: 11.087 GC heap after
{Heap after GC invocations=20 (full 0):
 garbage-first heap   total 225280K, used 54261K [0x0000000082600000, 0x0000000100000000)
  region size 1024K, 7 young (7168K), 7 survivors (7168K)
 Metaspace       used 83613K, capacity 85664K, committed 86220K, reserved 1124352K
  class space    used 9998K, capacity 10857K, committed 10956K, reserved 1048576K
}

