# JRE version: Java(TM) SE Runtime Environment (10.0.2+13) (build 10.0.2+13)
# Java VM: Java HotSpot(TM) 64-Bit Server VM (10.0.2+13, mixed mode, tiered, compressed oops, g1 gc, windows-amd64)
Heap:
 garbage-first heap   total 187392K, used 130556K [0x0000000082600000, 0x0000000100000000)
  region size 1024K, 99 young (101376K), 12 survivors (12288K)
 Metaspace       used 70763K, capacity 72845K, committed 73372K, reserved 1114112K
  class space    used 8515K, capacity 9362K, committed 9424K, reserved 1048576K
GC Heap History (10 events):
Event: 3.180 GC heap before
{Heap before GC invocations=8 (full 0):
 garbage-first heap   total 155648K, used 104731K [0x0000000082600000, 0x0000000100000000)
  region size 1024K, 91 young (93184K), 8 survivors (8192K)
 Metaspace       used 41827K, capacity 43027K, committed 43548K, reserved 1087488K
  class space    used 5057K, capacity 5594K, committed 5712K, reserved 1048576K
}
Event: 3.188 GC heap after
{Heap after GC invocations=9 (full 0):
 garbage-first heap   total 155648K, used 22730K [0x0000000082600000, 0x0000000100000000)
  region size 1024K, 9 young (9216K), 9 survivors (9216K)
 Metaspace       used 41827K, capacity 43027K, committed 43548K, reserved 1087488K
  class space    used 5057K, capacity 5594K, committed 5712K, reserved 1048576K
}
Event: 3.534 GC heap before
{Heap before GC invocations=9 (full 0):
 garbage-first heap   total 155648K, used 106698K [0x0000000082600000, 0x0000000100000000)
  region size 1024K, 91 young (93184K), 9 survivors (9216K)
 Metaspace       used 46227K, capacity 47626K, committed 48028K, reserved 1091584K
  class space    used 5650K, capacity 6263K, committed 6352K, reserved 1048576K
}
Event: 3.543 GC heap after
{Heap after GC invocations=10 (full 0):
 garbage-first heap   total 155648K, used 24790K [0x0000000082600000, 0x0000000100000000)
  region size 1024K, 9 young (9216K), 9 survivors (9216K)
 Metaspace       used 46227K, capacity 47626K, committed 48028K, reserved 1091584K
  class space    used 5650K, capacity 6263K, committed 6352K, reserved 1048576K
}
Event: 4.400 GC heap before
{Heap before GC invocations=10 (full 0):
 garbage-first heap   total 155648K, used 87254K [0x0000000082600000, 0x0000000100000000)
  region size 1024K, 71 young (72704K), 9 survivors (9216K)
 Metaspace       used 58473K, capacity 60132K, committed 60420K, reserved 1101824K
  class space    used 6859K, capacity 7548K, committed 7632K, reserved 1048576K
}
Event: 4.410 GC heap after
{Heap after GC invocations=11 (full 0):
 garbage-first heap   total 155648K, used 31127K [0x0000000082600000, 0x0000000100000000)
  region size 1024K, 12 young (12288K), 12 survivors (12288K)
 Metaspace       used 58473K, capacity 60132K, committed 60420K, reserved 1101824K
  class space    used 6859K, capacity 7548K, committed 7632K, reserved 1048576K
}
Event: 4.906 GC heap before
{Heap before GC invocations=12 (full 0):
 garbage-first heap   total 155648K, used 112023K [0x0000000082600000, 0x0000000100000000)
  region size 1024K, 91 young (93184K), 12 survivors (12288K)
 Metaspace       used 64737K, capacity 66720K, committed 67100K, reserved 1107968K
  class space    used 7684K, capacity 8453K, committed 8528K, reserved 1048576K
}
Event: 4.917 GC heap after
{Heap after GC invocations=13 (full 0):
 garbage-first heap   total 187392K, used 36659K [0x0000000082600000, 0x0000000100000000)
  region size 1024K, 12 young (12288K), 12 survivors (12288K)
 Metaspace       used 64737K, capacity 66720K, committed 67100K, reserved 1107968K
  class space    used 7684K, capacity 8453K, committed 8528K, reserved 1048576K
}
Event: 5.983 GC heap before
{Heap before GC invocations=13 (full 0):
 garbage-first heap   total 187392K, used 135987K [0x0000000082600000, 0x0000000100000000)
  region size 1024K, 109 young (111616K), 12 survivors (12288K)
 Metaspace       used 69498K, capacity 71630K, committed 71964K, reserved 1112064K
  class space    used 8360K, capacity 9214K, committed 9296K, reserved 1048576K
}
Event: 5.994 GC heap after
{Heap after GC invocations=14 (full 0):
 garbage-first heap   total 187392K, used 42492K [0x0000000082600000, 0x0000000100000000)
  region size 1024K, 12 young (12288K), 12 survivors (12288K)
 Metaspace       used 69498K, capacity 71630K, committed 71964K, reserved 1112064K
  class space    used 8360K, capacity 9214K, committed 9296K, reserved 1048576K
}

